
*** Running vivado
    with args -log Wrapper.vds -m64 -product Vivado -mode batch -messageDb vivado.pb -notrace -source Wrapper.tcl



****** Vivado v2021.1 (64-bit)
  **** SW Build 3247384 on Thu Jun 10 19:36:33 MDT 2021
  **** IP Build 3246043 on Fri Jun 11 00:30:35 MDT 2021
    ** Copyright 1986-2021 Xilinx, Inc. All Rights Reserved.

source Wrapper.tcl -notrace
Command: synth_design -top Wrapper -part xc7a100tcsg324-1
Starting synth_design
Attempting to get a license for feature 'Synthesis' and/or device 'xc7a100t'
INFO: [Common 17-349] Got license for feature 'Synthesis' and/or device 'xc7a100t'
INFO: [Device 21-403] Loading part xc7a100tcsg324-1
INFO: [Synth 8-7079] Multithreading enabled for synth_design using a maximum of 2 processes.
INFO: [Synth 8-7078] Launching helper process for spawning children vivado processes
INFO: [Synth 8-7075] Helper process launched with PID 15060
WARNING: [Synth 8-992] stall is already implicitly declared earlier [C:/Users/ad496/Downloads/350-final-project/Downloads/check_processor/check_processor/processor.v:199]
WARNING: [Synth 8-992] multdiv_stall is already implicitly declared earlier [C:/Users/ad496/Downloads/350-final-project/Downloads/check_processor/check_processor/processor.v:203]
WARNING: [Synth 8-992] xm_data_A is already implicitly declared earlier [C:/Users/ad496/Downloads/350-final-project/Downloads/check_processor/check_processor/processor.v:250]
WARNING: [Synth 8-6901] identifier 'take_branch' is used before its declaration [C:/Users/ad496/Downloads/350-final-project/Downloads/check_processor/check_processor/processor.v:76]
WARNING: [Synth 8-6901] identifier 'branch_pc' is used before its declaration [C:/Users/ad496/Downloads/350-final-project/Downloads/check_processor/check_processor/processor.v:76]
WARNING: [Synth 8-6901] identifier 'bex_insn' is used before its declaration [C:/Users/ad496/Downloads/350-final-project/Downloads/check_processor/check_processor/processor.v:77]
WARNING: [Synth 8-6901] identifier 'bex_pc' is used before its declaration [C:/Users/ad496/Downloads/350-final-project/Downloads/check_processor/check_processor/processor.v:77]
WARNING: [Synth 8-6901] identifier 'jump_insn' is used before its declaration [C:/Users/ad496/Downloads/350-final-project/Downloads/check_processor/check_processor/processor.v:78]
WARNING: [Synth 8-6901] identifier 'jump_pc' is used before its declaration [C:/Users/ad496/Downloads/350-final-project/Downloads/check_processor/check_processor/processor.v:78]
WARNING: [Synth 8-6901] identifier 'alu_inB' is used before its declaration [C:/Users/ad496/Downloads/350-final-project/Downloads/check_processor/check_processor/processor.v:136]
WARNING: [Synth 8-6901] identifier 'alu_inB' is used before its declaration [C:/Users/ad496/Downloads/350-final-project/Downloads/check_processor/check_processor/processor.v:147]
WARNING: [Synth 8-6901] identifier 'w_rd' is used before its declaration [C:/Users/ad496/Downloads/350-final-project/Downloads/check_processor/check_processor/processor.v:169]
WARNING: [Synth 8-6901] identifier 'w_rd' is used before its declaration [C:/Users/ad496/Downloads/350-final-project/Downloads/check_processor/check_processor/processor.v:169]
WARNING: [Synth 8-6901] identifier 'm_opcode' is used before its declaration [C:/Users/ad496/Downloads/350-final-project/Downloads/check_processor/check_processor/processor.v:170]
WARNING: [Synth 8-6901] identifier 'w_rd' is used before its declaration [C:/Users/ad496/Downloads/350-final-project/Downloads/check_processor/check_processor/processor.v:174]
WARNING: [Synth 8-6901] identifier 'w_rd' is used before its declaration [C:/Users/ad496/Downloads/350-final-project/Downloads/check_processor/check_processor/processor.v:174]
WARNING: [Synth 8-6901] identifier 'w_opcode' is used before its declaration [C:/Users/ad496/Downloads/350-final-project/Downloads/check_processor/check_processor/processor.v:174]
WARNING: [Synth 8-6901] identifier 'm_rd' is used before its declaration [C:/Users/ad496/Downloads/350-final-project/Downloads/check_processor/check_processor/processor.v:176]
WARNING: [Synth 8-6901] identifier 'm_rd' is used before its declaration [C:/Users/ad496/Downloads/350-final-project/Downloads/check_processor/check_processor/processor.v:176]
WARNING: [Synth 8-6901] identifier 'w_opcode' is used before its declaration [C:/Users/ad496/Downloads/350-final-project/Downloads/check_processor/check_processor/processor.v:177]
WARNING: [Synth 8-6901] identifier 'm_rd' is used before its declaration [C:/Users/ad496/Downloads/350-final-project/Downloads/check_processor/check_processor/processor.v:181]
WARNING: [Synth 8-6901] identifier 'm_rd' is used before its declaration [C:/Users/ad496/Downloads/350-final-project/Downloads/check_processor/check_processor/processor.v:181]
WARNING: [Synth 8-6901] identifier 'w_opcode' is used before its declaration [C:/Users/ad496/Downloads/350-final-project/Downloads/check_processor/check_processor/processor.v:181]
WARNING: [Synth 8-6901] identifier 'm_rd' is used before its declaration [C:/Users/ad496/Downloads/350-final-project/Downloads/check_processor/check_processor/processor.v:188]
WARNING: [Synth 8-6901] identifier 'm_rd' is used before its declaration [C:/Users/ad496/Downloads/350-final-project/Downloads/check_processor/check_processor/processor.v:188]
WARNING: [Synth 8-6901] identifier 'm_opcode' is used before its declaration [C:/Users/ad496/Downloads/350-final-project/Downloads/check_processor/check_processor/processor.v:189]
WARNING: [Synth 8-6901] identifier 'm_rd' is used before its declaration [C:/Users/ad496/Downloads/350-final-project/Downloads/check_processor/check_processor/processor.v:190]
WARNING: [Synth 8-6901] identifier 'w_rd' is used before its declaration [C:/Users/ad496/Downloads/350-final-project/Downloads/check_processor/check_processor/processor.v:192]
WARNING: [Synth 8-6901] identifier 'w_rd' is used before its declaration [C:/Users/ad496/Downloads/350-final-project/Downloads/check_processor/check_processor/processor.v:192]
WARNING: [Synth 8-6901] identifier 'm_opcode' is used before its declaration [C:/Users/ad496/Downloads/350-final-project/Downloads/check_processor/check_processor/processor.v:193]
WARNING: [Synth 8-6901] identifier 'w_rd' is used before its declaration [C:/Users/ad496/Downloads/350-final-project/Downloads/check_processor/check_processor/processor.v:194]
WARNING: [Synth 8-6901] identifier 'w_rd' is used before its declaration [C:/Users/ad496/Downloads/350-final-project/Downloads/check_processor/check_processor/processor.v:266]
WARNING: [Synth 8-6901] identifier 'w_opcode' is used before its declaration [C:/Users/ad496/Downloads/350-final-project/Downloads/check_processor/check_processor/processor.v:267]
WARNING: [Synth 8-6901] identifier 'w_opcode' is used before its declaration [C:/Users/ad496/Downloads/350-final-project/Downloads/check_processor/check_processor/processor.v:267]
WARNING: [Synth 8-6901] identifier 'w_opcode' is used before its declaration [C:/Users/ad496/Downloads/350-final-project/Downloads/check_processor/check_processor/processor.v:267]
WARNING: [Synth 8-6901] identifier 'reg1enable' is used before its declaration [C:/Users/ad496/Downloads/350-final-project/Downloads/check_processor/check_processor/regfile.v:23]
WARNING: [Synth 8-6901] identifier 'reg2enable' is used before its declaration [C:/Users/ad496/Downloads/350-final-project/Downloads/check_processor/check_processor/regfile.v:24]
WARNING: [Synth 8-6901] identifier 'reg3enable' is used before its declaration [C:/Users/ad496/Downloads/350-final-project/Downloads/check_processor/check_processor/regfile.v:25]
WARNING: [Synth 8-6901] identifier 'reg4enable' is used before its declaration [C:/Users/ad496/Downloads/350-final-project/Downloads/check_processor/check_processor/regfile.v:26]
WARNING: [Synth 8-6901] identifier 'reg11out' is used before its declaration [C:/Users/ad496/Downloads/350-final-project/Downloads/check_processor/check_processor/regfile.v:32]
WARNING: [Synth 8-6901] identifier 'reg12out' is used before its declaration [C:/Users/ad496/Downloads/350-final-project/Downloads/check_processor/check_processor/regfile.v:33]
WARNING: [Synth 8-6901] identifier 'reg13out' is used before its declaration [C:/Users/ad496/Downloads/350-final-project/Downloads/check_processor/check_processor/regfile.v:34]
WARNING: [Synth 8-6901] identifier 'reg13out' is used before its declaration [C:/Users/ad496/Downloads/350-final-project/Downloads/check_processor/check_processor/regfile.v:35]
---------------------------------------------------------------------------------
Starting RTL Elaboration : Time (s): cpu = 00:00:03 ; elapsed = 00:00:03 . Memory (MB): peak = 1330.039 ; gain = 0.000
---------------------------------------------------------------------------------
INFO: [Synth 8-6157] synthesizing module 'Wrapper' [C:/Users/ad496/Downloads/350-final-project/Downloads/check_processor/check_processor/Wrapper.v:27]
INFO: [Synth 8-6157] synthesizing module 'x_stepper' [C:/Users/ad496/Downloads/350-final-project/Final_GK_AD/Final_GK_AD.srcs/sources_1/new/x_stepper.v:23]
INFO: [Synth 8-6155] done synthesizing module 'x_stepper' (1#1) [C:/Users/ad496/Downloads/350-final-project/Final_GK_AD/Final_GK_AD.srcs/sources_1/new/x_stepper.v:23]
WARNING: [Synth 8-7071] port 'CLK100MHZ' of module 'x_stepper' is unconnected for instance 'xMotor' [C:/Users/ad496/Downloads/350-final-project/Downloads/check_processor/check_processor/Wrapper.v:54]
WARNING: [Synth 8-7023] instance 'xMotor' of module 'x_stepper' has 6 connections declared, but only 5 given [C:/Users/ad496/Downloads/350-final-project/Downloads/check_processor/check_processor/Wrapper.v:54]
WARNING: [Synth 8-7071] port 'CLK100MHZ' of module 'x_stepper' is unconnected for instance 'yMotor' [C:/Users/ad496/Downloads/350-final-project/Downloads/check_processor/check_processor/Wrapper.v:55]
WARNING: [Synth 8-7023] instance 'yMotor' of module 'x_stepper' has 6 connections declared, but only 5 given [C:/Users/ad496/Downloads/350-final-project/Downloads/check_processor/check_processor/Wrapper.v:55]
INFO: [Synth 8-6157] synthesizing module 'processor' [C:/Users/ad496/Downloads/350-final-project/Downloads/check_processor/check_processor/processor.v:20]
INFO: [Synth 8-6157] synthesizing module 'cl_adder' [C:/Users/ad496/Downloads/350-final-project/Downloads/check_processor/check_processor/cl_adder.v:1]
INFO: [Synth 8-6157] synthesizing module 'cl_sub_adder' [C:/Users/ad496/Downloads/350-final-project/Downloads/check_processor/check_processor/cl_sub_adder.v:1]
INFO: [Synth 8-6155] done synthesizing module 'cl_sub_adder' (2#1) [C:/Users/ad496/Downloads/350-final-project/Downloads/check_processor/check_processor/cl_sub_adder.v:1]
INFO: [Synth 8-6155] done synthesizing module 'cl_adder' (3#1) [C:/Users/ad496/Downloads/350-final-project/Downloads/check_processor/check_processor/cl_adder.v:1]
INFO: [Synth 8-6157] synthesizing module 'register' [C:/Users/ad496/Downloads/350-final-project/Downloads/check_processor/check_processor/register.v:1]
INFO: [Synth 8-6157] synthesizing module 'dffe_ref' [C:/Users/ad496/Downloads/350-final-project/Downloads/check_processor/check_processor/dffe_ref.v:1]
INFO: [Synth 8-6155] done synthesizing module 'dffe_ref' (4#1) [C:/Users/ad496/Downloads/350-final-project/Downloads/check_processor/check_processor/dffe_ref.v:1]
INFO: [Synth 8-6155] done synthesizing module 'register' (5#1) [C:/Users/ad496/Downloads/350-final-project/Downloads/check_processor/check_processor/register.v:1]
INFO: [Synth 8-6157] synthesizing module 'latch' [C:/Users/ad496/Downloads/350-final-project/Downloads/check_processor/check_processor/latch.v:1]
INFO: [Synth 8-6155] done synthesizing module 'latch' (6#1) [C:/Users/ad496/Downloads/350-final-project/Downloads/check_processor/check_processor/latch.v:1]
INFO: [Synth 8-6157] synthesizing module 'sign_extend' [C:/Users/ad496/Downloads/350-final-project/Downloads/check_processor/check_processor/sign_extend.v:1]
INFO: [Synth 8-6155] done synthesizing module 'sign_extend' (7#1) [C:/Users/ad496/Downloads/350-final-project/Downloads/check_processor/check_processor/sign_extend.v:1]
INFO: [Synth 8-6157] synthesizing module 'mux_4' [C:/Users/ad496/Downloads/350-final-project/Downloads/check_processor/check_processor/mux_4.v:1]
INFO: [Synth 8-6157] synthesizing module 'mux_2' [C:/Users/ad496/Downloads/350-final-project/Downloads/check_processor/check_processor/mux_2.v:1]
INFO: [Synth 8-6155] done synthesizing module 'mux_2' (8#1) [C:/Users/ad496/Downloads/350-final-project/Downloads/check_processor/check_processor/mux_2.v:1]
INFO: [Synth 8-6155] done synthesizing module 'mux_4' (9#1) [C:/Users/ad496/Downloads/350-final-project/Downloads/check_processor/check_processor/mux_4.v:1]
WARNING: [Synth 8-7071] port 'in3' of module 'mux_4' is unconnected for instance 'aluInputA' [C:/Users/ad496/Downloads/350-final-project/Downloads/check_processor/check_processor/processor.v:183]
WARNING: [Synth 8-7023] instance 'aluInputA' of module 'mux_4' has 6 connections declared, but only 5 given [C:/Users/ad496/Downloads/350-final-project/Downloads/check_processor/check_processor/processor.v:183]
WARNING: [Synth 8-7071] port 'in3' of module 'mux_4' is unconnected for instance 'aluInputB' [C:/Users/ad496/Downloads/350-final-project/Downloads/check_processor/check_processor/processor.v:196]
WARNING: [Synth 8-7023] instance 'aluInputB' of module 'mux_4' has 6 connections declared, but only 5 given [C:/Users/ad496/Downloads/350-final-project/Downloads/check_processor/check_processor/processor.v:196]
INFO: [Synth 8-6157] synthesizing module 'multdiv' [C:/Users/ad496/Downloads/350-final-project/Downloads/check_processor/check_processor/multdiv.v:1]
INFO: [Synth 8-6157] synthesizing module 'multiplier' [C:/Users/ad496/Downloads/350-final-project/Downloads/check_processor/check_processor/multiplier.v:1]
WARNING: [Synth 8-6090] variable 'P' is written by both blocking and non-blocking assignments, entire logic could be removed [C:/Users/ad496/Downloads/350-final-project/Downloads/check_processor/check_processor/multiplier.v:52]
INFO: [Synth 8-6155] done synthesizing module 'multiplier' (10#1) [C:/Users/ad496/Downloads/350-final-project/Downloads/check_processor/check_processor/multiplier.v:1]
INFO: [Synth 8-6157] synthesizing module 'divider' [C:/Users/ad496/Downloads/350-final-project/Downloads/check_processor/check_processor/divider.v:1]
INFO: [Synth 8-6155] done synthesizing module 'divider' (11#1) [C:/Users/ad496/Downloads/350-final-project/Downloads/check_processor/check_processor/divider.v:1]
INFO: [Synth 8-6155] done synthesizing module 'multdiv' (12#1) [C:/Users/ad496/Downloads/350-final-project/Downloads/check_processor/check_processor/multdiv.v:1]
INFO: [Synth 8-6157] synthesizing module 'alu' [C:/Users/ad496/Downloads/350-final-project/Downloads/check_processor/check_processor/alu.v:1]
INFO: [Synth 8-6157] synthesizing module 'sll' [C:/Users/ad496/Downloads/350-final-project/Downloads/check_processor/check_processor/sll.v:1]
INFO: [Synth 8-6157] synthesizing module 'sll_16' [C:/Users/ad496/Downloads/350-final-project/Downloads/check_processor/check_processor/sll_16.v:1]
INFO: [Synth 8-6155] done synthesizing module 'sll_16' (13#1) [C:/Users/ad496/Downloads/350-final-project/Downloads/check_processor/check_processor/sll_16.v:1]
INFO: [Synth 8-6157] synthesizing module 'sll_8' [C:/Users/ad496/Downloads/350-final-project/Downloads/check_processor/check_processor/sll_8.v:1]
INFO: [Synth 8-6155] done synthesizing module 'sll_8' (14#1) [C:/Users/ad496/Downloads/350-final-project/Downloads/check_processor/check_processor/sll_8.v:1]
INFO: [Synth 8-6157] synthesizing module 'sll_4' [C:/Users/ad496/Downloads/350-final-project/Downloads/check_processor/check_processor/sll_4.v:1]
INFO: [Synth 8-6155] done synthesizing module 'sll_4' (15#1) [C:/Users/ad496/Downloads/350-final-project/Downloads/check_processor/check_processor/sll_4.v:1]
INFO: [Synth 8-6157] synthesizing module 'sll_2' [C:/Users/ad496/Downloads/350-final-project/Downloads/check_processor/check_processor/sll_2.v:1]
INFO: [Synth 8-6155] done synthesizing module 'sll_2' (16#1) [C:/Users/ad496/Downloads/350-final-project/Downloads/check_processor/check_processor/sll_2.v:1]
INFO: [Synth 8-6157] synthesizing module 'sll_1' [C:/Users/ad496/Downloads/350-final-project/Downloads/check_processor/check_processor/sll_1.v:1]
INFO: [Synth 8-6155] done synthesizing module 'sll_1' (17#1) [C:/Users/ad496/Downloads/350-final-project/Downloads/check_processor/check_processor/sll_1.v:1]
INFO: [Synth 8-6155] done synthesizing module 'sll' (18#1) [C:/Users/ad496/Downloads/350-final-project/Downloads/check_processor/check_processor/sll.v:1]
INFO: [Synth 8-6157] synthesizing module 'sra' [C:/Users/ad496/Downloads/350-final-project/Downloads/check_processor/check_processor/sra.v:1]
INFO: [Synth 8-6157] synthesizing module 'sra_16' [C:/Users/ad496/Downloads/350-final-project/Downloads/check_processor/check_processor/sra_16.v:1]
INFO: [Synth 8-6155] done synthesizing module 'sra_16' (19#1) [C:/Users/ad496/Downloads/350-final-project/Downloads/check_processor/check_processor/sra_16.v:1]
INFO: [Synth 8-6157] synthesizing module 'sra_8' [C:/Users/ad496/Downloads/350-final-project/Downloads/check_processor/check_processor/sra_8.v:1]
INFO: [Synth 8-6155] done synthesizing module 'sra_8' (20#1) [C:/Users/ad496/Downloads/350-final-project/Downloads/check_processor/check_processor/sra_8.v:1]
INFO: [Synth 8-6157] synthesizing module 'sra_4' [C:/Users/ad496/Downloads/350-final-project/Downloads/check_processor/check_processor/sra_4.v:1]
INFO: [Synth 8-6155] done synthesizing module 'sra_4' (21#1) [C:/Users/ad496/Downloads/350-final-project/Downloads/check_processor/check_processor/sra_4.v:1]
INFO: [Synth 8-6157] synthesizing module 'sra_2' [C:/Users/ad496/Downloads/350-final-project/Downloads/check_processor/check_processor/sra_2.v:1]
INFO: [Synth 8-6155] done synthesizing module 'sra_2' (22#1) [C:/Users/ad496/Downloads/350-final-project/Downloads/check_processor/check_processor/sra_2.v:1]
INFO: [Synth 8-6157] synthesizing module 'sra_1' [C:/Users/ad496/Downloads/350-final-project/Downloads/check_processor/check_processor/sra_1.v:1]
INFO: [Synth 8-6155] done synthesizing module 'sra_1' (23#1) [C:/Users/ad496/Downloads/350-final-project/Downloads/check_processor/check_processor/sra_1.v:1]
INFO: [Synth 8-6155] done synthesizing module 'sra' (24#1) [C:/Users/ad496/Downloads/350-final-project/Downloads/check_processor/check_processor/sra.v:1]
INFO: [Synth 8-6157] synthesizing module 'bitwise_and' [C:/Users/ad496/Downloads/350-final-project/Downloads/check_processor/check_processor/bitwise_and.v:1]
INFO: [Synth 8-6155] done synthesizing module 'bitwise_and' (25#1) [C:/Users/ad496/Downloads/350-final-project/Downloads/check_processor/check_processor/bitwise_and.v:1]
INFO: [Synth 8-6157] synthesizing module 'bitwise_or' [C:/Users/ad496/Downloads/350-final-project/Downloads/check_processor/check_processor/bitwise_or.v:1]
INFO: [Synth 8-6155] done synthesizing module 'bitwise_or' (26#1) [C:/Users/ad496/Downloads/350-final-project/Downloads/check_processor/check_processor/bitwise_or.v:1]
INFO: [Synth 8-6157] synthesizing module 'bitwise_not' [C:/Users/ad496/Downloads/350-final-project/Downloads/check_processor/check_processor/bitwise_not.v:1]
INFO: [Synth 8-6155] done synthesizing module 'bitwise_not' (27#1) [C:/Users/ad496/Downloads/350-final-project/Downloads/check_processor/check_processor/bitwise_not.v:1]
INFO: [Synth 8-6157] synthesizing module 'mux_2_1bit' [C:/Users/ad496/Downloads/350-final-project/Downloads/check_processor/check_processor/mux_2_1bit.v:1]
INFO: [Synth 8-6155] done synthesizing module 'mux_2_1bit' (28#1) [C:/Users/ad496/Downloads/350-final-project/Downloads/check_processor/check_processor/mux_2_1bit.v:1]
INFO: [Synth 8-6157] synthesizing module 'mux_8' [C:/Users/ad496/Downloads/350-final-project/Downloads/check_processor/check_processor/mux_8.v:1]
INFO: [Synth 8-6155] done synthesizing module 'mux_8' (29#1) [C:/Users/ad496/Downloads/350-final-project/Downloads/check_processor/check_processor/mux_8.v:1]
INFO: [Synth 8-6155] done synthesizing module 'alu' (30#1) [C:/Users/ad496/Downloads/350-final-project/Downloads/check_processor/check_processor/alu.v:1]
INFO: [Synth 8-6155] done synthesizing module 'processor' (31#1) [C:/Users/ad496/Downloads/350-final-project/Downloads/check_processor/check_processor/processor.v:20]
INFO: [Synth 8-6157] synthesizing module 'ROM' [C:/Users/ad496/Downloads/350-final-project/Downloads/check_processor/check_processor/ROM.v:2]
	Parameter MEMFILE bound to: 112'b0110110101101111011101000110111101110010010111110111010001100101011100110111010000101110011011010110010101101101 
CRITICAL WARNING: [Synth 8-4445] could not open $readmem data file 'motor_test.mem'; please make sure the file is added to project and has read permission, ignoring [C:/Users/ad496/Downloads/350-final-project/Downloads/check_processor/check_processor/ROM.v:11]
	1: Unable to determine number of words or word size in RAM. 
	2: No valid read/write found for RAM. 
RAM dissolved into registers
INFO: [Synth 8-6155] done synthesizing module 'ROM' (32#1) [C:/Users/ad496/Downloads/350-final-project/Downloads/check_processor/check_processor/ROM.v:2]
INFO: [Synth 8-6157] synthesizing module 'regfile' [C:/Users/ad496/Downloads/350-final-project/Downloads/check_processor/check_processor/regfile.v:1]
INFO: [Synth 8-6157] synthesizing module 'tristate' [C:/Users/ad496/Downloads/350-final-project/Downloads/check_processor/check_processor/tristate.v:1]
INFO: [Synth 8-6155] done synthesizing module 'tristate' (33#1) [C:/Users/ad496/Downloads/350-final-project/Downloads/check_processor/check_processor/tristate.v:1]
WARNING: [Synth 8-689] width (32) of port connection 'enable' does not match port width (1) of module 'tristate' [C:/Users/ad496/Downloads/350-final-project/Downloads/check_processor/check_processor/regfile.v:113]
WARNING: [Synth 8-689] width (32) of port connection 'enable' does not match port width (1) of module 'tristate' [C:/Users/ad496/Downloads/350-final-project/Downloads/check_processor/check_processor/regfile.v:114]
WARNING: [Synth 8-689] width (32) of port connection 'enable' does not match port width (1) of module 'tristate' [C:/Users/ad496/Downloads/350-final-project/Downloads/check_processor/check_processor/regfile.v:115]
WARNING: [Synth 8-689] width (32) of port connection 'enable' does not match port width (1) of module 'tristate' [C:/Users/ad496/Downloads/350-final-project/Downloads/check_processor/check_processor/regfile.v:116]
WARNING: [Synth 8-689] width (32) of port connection 'enable' does not match port width (1) of module 'tristate' [C:/Users/ad496/Downloads/350-final-project/Downloads/check_processor/check_processor/regfile.v:117]
WARNING: [Synth 8-689] width (32) of port connection 'enable' does not match port width (1) of module 'tristate' [C:/Users/ad496/Downloads/350-final-project/Downloads/check_processor/check_processor/regfile.v:118]
WARNING: [Synth 8-689] width (32) of port connection 'enable' does not match port width (1) of module 'tristate' [C:/Users/ad496/Downloads/350-final-project/Downloads/check_processor/check_processor/regfile.v:119]
WARNING: [Synth 8-689] width (32) of port connection 'enable' does not match port width (1) of module 'tristate' [C:/Users/ad496/Downloads/350-final-project/Downloads/check_processor/check_processor/regfile.v:120]
WARNING: [Synth 8-689] width (32) of port connection 'enable' does not match port width (1) of module 'tristate' [C:/Users/ad496/Downloads/350-final-project/Downloads/check_processor/check_processor/regfile.v:121]
WARNING: [Synth 8-689] width (32) of port connection 'enable' does not match port width (1) of module 'tristate' [C:/Users/ad496/Downloads/350-final-project/Downloads/check_processor/check_processor/regfile.v:122]
WARNING: [Synth 8-689] width (32) of port connection 'enable' does not match port width (1) of module 'tristate' [C:/Users/ad496/Downloads/350-final-project/Downloads/check_processor/check_processor/regfile.v:123]
WARNING: [Synth 8-689] width (32) of port connection 'enable' does not match port width (1) of module 'tristate' [C:/Users/ad496/Downloads/350-final-project/Downloads/check_processor/check_processor/regfile.v:124]
WARNING: [Synth 8-689] width (32) of port connection 'enable' does not match port width (1) of module 'tristate' [C:/Users/ad496/Downloads/350-final-project/Downloads/check_processor/check_processor/regfile.v:125]
WARNING: [Synth 8-689] width (32) of port connection 'enable' does not match port width (1) of module 'tristate' [C:/Users/ad496/Downloads/350-final-project/Downloads/check_processor/check_processor/regfile.v:126]
WARNING: [Synth 8-689] width (32) of port connection 'enable' does not match port width (1) of module 'tristate' [C:/Users/ad496/Downloads/350-final-project/Downloads/check_processor/check_processor/regfile.v:127]
WARNING: [Synth 8-689] width (32) of port connection 'enable' does not match port width (1) of module 'tristate' [C:/Users/ad496/Downloads/350-final-project/Downloads/check_processor/check_processor/regfile.v:128]
WARNING: [Synth 8-689] width (32) of port connection 'enable' does not match port width (1) of module 'tristate' [C:/Users/ad496/Downloads/350-final-project/Downloads/check_processor/check_processor/regfile.v:129]
WARNING: [Synth 8-689] width (32) of port connection 'enable' does not match port width (1) of module 'tristate' [C:/Users/ad496/Downloads/350-final-project/Downloads/check_processor/check_processor/regfile.v:130]
WARNING: [Synth 8-689] width (32) of port connection 'enable' does not match port width (1) of module 'tristate' [C:/Users/ad496/Downloads/350-final-project/Downloads/check_processor/check_processor/regfile.v:131]
WARNING: [Synth 8-689] width (32) of port connection 'enable' does not match port width (1) of module 'tristate' [C:/Users/ad496/Downloads/350-final-project/Downloads/check_processor/check_processor/regfile.v:132]
WARNING: [Synth 8-689] width (32) of port connection 'enable' does not match port width (1) of module 'tristate' [C:/Users/ad496/Downloads/350-final-project/Downloads/check_processor/check_processor/regfile.v:133]
WARNING: [Synth 8-689] width (32) of port connection 'enable' does not match port width (1) of module 'tristate' [C:/Users/ad496/Downloads/350-final-project/Downloads/check_processor/check_processor/regfile.v:134]
WARNING: [Synth 8-689] width (32) of port connection 'enable' does not match port width (1) of module 'tristate' [C:/Users/ad496/Downloads/350-final-project/Downloads/check_processor/check_processor/regfile.v:135]
WARNING: [Synth 8-689] width (32) of port connection 'enable' does not match port width (1) of module 'tristate' [C:/Users/ad496/Downloads/350-final-project/Downloads/check_processor/check_processor/regfile.v:136]
WARNING: [Synth 8-689] width (32) of port connection 'enable' does not match port width (1) of module 'tristate' [C:/Users/ad496/Downloads/350-final-project/Downloads/check_processor/check_processor/regfile.v:137]
WARNING: [Synth 8-689] width (32) of port connection 'enable' does not match port width (1) of module 'tristate' [C:/Users/ad496/Downloads/350-final-project/Downloads/check_processor/check_processor/regfile.v:138]
WARNING: [Synth 8-689] width (32) of port connection 'enable' does not match port width (1) of module 'tristate' [C:/Users/ad496/Downloads/350-final-project/Downloads/check_processor/check_processor/regfile.v:139]
WARNING: [Synth 8-689] width (32) of port connection 'enable' does not match port width (1) of module 'tristate' [C:/Users/ad496/Downloads/350-final-project/Downloads/check_processor/check_processor/regfile.v:140]
WARNING: [Synth 8-689] width (32) of port connection 'enable' does not match port width (1) of module 'tristate' [C:/Users/ad496/Downloads/350-final-project/Downloads/check_processor/check_processor/regfile.v:141]
WARNING: [Synth 8-689] width (32) of port connection 'enable' does not match port width (1) of module 'tristate' [C:/Users/ad496/Downloads/350-final-project/Downloads/check_processor/check_processor/regfile.v:142]
WARNING: [Synth 8-689] width (32) of port connection 'enable' does not match port width (1) of module 'tristate' [C:/Users/ad496/Downloads/350-final-project/Downloads/check_processor/check_processor/regfile.v:143]
WARNING: [Synth 8-689] width (32) of port connection 'enable' does not match port width (1) of module 'tristate' [C:/Users/ad496/Downloads/350-final-project/Downloads/check_processor/check_processor/regfile.v:144]
WARNING: [Synth 8-689] width (32) of port connection 'enable' does not match port width (1) of module 'tristate' [C:/Users/ad496/Downloads/350-final-project/Downloads/check_processor/check_processor/regfile.v:149]
WARNING: [Synth 8-689] width (32) of port connection 'enable' does not match port width (1) of module 'tristate' [C:/Users/ad496/Downloads/350-final-project/Downloads/check_processor/check_processor/regfile.v:150]
WARNING: [Synth 8-689] width (32) of port connection 'enable' does not match port width (1) of module 'tristate' [C:/Users/ad496/Downloads/350-final-project/Downloads/check_processor/check_processor/regfile.v:151]
WARNING: [Synth 8-689] width (32) of port connection 'enable' does not match port width (1) of module 'tristate' [C:/Users/ad496/Downloads/350-final-project/Downloads/check_processor/check_processor/regfile.v:152]
WARNING: [Synth 8-689] width (32) of port connection 'enable' does not match port width (1) of module 'tristate' [C:/Users/ad496/Downloads/350-final-project/Downloads/check_processor/check_processor/regfile.v:153]
WARNING: [Synth 8-689] width (32) of port connection 'enable' does not match port width (1) of module 'tristate' [C:/Users/ad496/Downloads/350-final-project/Downloads/check_processor/check_processor/regfile.v:154]
WARNING: [Synth 8-689] width (32) of port connection 'enable' does not match port width (1) of module 'tristate' [C:/Users/ad496/Downloads/350-final-project/Downloads/check_processor/check_processor/regfile.v:155]
WARNING: [Synth 8-689] width (32) of port connection 'enable' does not match port width (1) of module 'tristate' [C:/Users/ad496/Downloads/350-final-project/Downloads/check_processor/check_processor/regfile.v:156]
WARNING: [Synth 8-689] width (32) of port connection 'enable' does not match port width (1) of module 'tristate' [C:/Users/ad496/Downloads/350-final-project/Downloads/check_processor/check_processor/regfile.v:157]
WARNING: [Synth 8-689] width (32) of port connection 'enable' does not match port width (1) of module 'tristate' [C:/Users/ad496/Downloads/350-final-project/Downloads/check_processor/check_processor/regfile.v:158]
WARNING: [Synth 8-689] width (32) of port connection 'enable' does not match port width (1) of module 'tristate' [C:/Users/ad496/Downloads/350-final-project/Downloads/check_processor/check_processor/regfile.v:159]
WARNING: [Synth 8-689] width (32) of port connection 'enable' does not match port width (1) of module 'tristate' [C:/Users/ad496/Downloads/350-final-project/Downloads/check_processor/check_processor/regfile.v:160]
WARNING: [Synth 8-689] width (32) of port connection 'enable' does not match port width (1) of module 'tristate' [C:/Users/ad496/Downloads/350-final-project/Downloads/check_processor/check_processor/regfile.v:161]
WARNING: [Synth 8-689] width (32) of port connection 'enable' does not match port width (1) of module 'tristate' [C:/Users/ad496/Downloads/350-final-project/Downloads/check_processor/check_processor/regfile.v:162]
WARNING: [Synth 8-689] width (32) of port connection 'enable' does not match port width (1) of module 'tristate' [C:/Users/ad496/Downloads/350-final-project/Downloads/check_processor/check_processor/regfile.v:163]
WARNING: [Synth 8-689] width (32) of port connection 'enable' does not match port width (1) of module 'tristate' [C:/Users/ad496/Downloads/350-final-project/Downloads/check_processor/check_processor/regfile.v:164]
WARNING: [Synth 8-689] width (32) of port connection 'enable' does not match port width (1) of module 'tristate' [C:/Users/ad496/Downloads/350-final-project/Downloads/check_processor/check_processor/regfile.v:165]
WARNING: [Synth 8-689] width (32) of port connection 'enable' does not match port width (1) of module 'tristate' [C:/Users/ad496/Downloads/350-final-project/Downloads/check_processor/check_processor/regfile.v:166]
WARNING: [Synth 8-689] width (32) of port connection 'enable' does not match port width (1) of module 'tristate' [C:/Users/ad496/Downloads/350-final-project/Downloads/check_processor/check_processor/regfile.v:167]
WARNING: [Synth 8-689] width (32) of port connection 'enable' does not match port width (1) of module 'tristate' [C:/Users/ad496/Downloads/350-final-project/Downloads/check_processor/check_processor/regfile.v:168]
WARNING: [Synth 8-689] width (32) of port connection 'enable' does not match port width (1) of module 'tristate' [C:/Users/ad496/Downloads/350-final-project/Downloads/check_processor/check_processor/regfile.v:169]
WARNING: [Synth 8-689] width (32) of port connection 'enable' does not match port width (1) of module 'tristate' [C:/Users/ad496/Downloads/350-final-project/Downloads/check_processor/check_processor/regfile.v:170]
WARNING: [Synth 8-689] width (32) of port connection 'enable' does not match port width (1) of module 'tristate' [C:/Users/ad496/Downloads/350-final-project/Downloads/check_processor/check_processor/regfile.v:171]
WARNING: [Synth 8-689] width (32) of port connection 'enable' does not match port width (1) of module 'tristate' [C:/Users/ad496/Downloads/350-final-project/Downloads/check_processor/check_processor/regfile.v:172]
WARNING: [Synth 8-689] width (32) of port connection 'enable' does not match port width (1) of module 'tristate' [C:/Users/ad496/Downloads/350-final-project/Downloads/check_processor/check_processor/regfile.v:173]
WARNING: [Synth 8-689] width (32) of port connection 'enable' does not match port width (1) of module 'tristate' [C:/Users/ad496/Downloads/350-final-project/Downloads/check_processor/check_processor/regfile.v:174]
WARNING: [Synth 8-689] width (32) of port connection 'enable' does not match port width (1) of module 'tristate' [C:/Users/ad496/Downloads/350-final-project/Downloads/check_processor/check_processor/regfile.v:175]
WARNING: [Synth 8-689] width (32) of port connection 'enable' does not match port width (1) of module 'tristate' [C:/Users/ad496/Downloads/350-final-project/Downloads/check_processor/check_processor/regfile.v:176]
WARNING: [Synth 8-689] width (32) of port connection 'enable' does not match port width (1) of module 'tristate' [C:/Users/ad496/Downloads/350-final-project/Downloads/check_processor/check_processor/regfile.v:177]
WARNING: [Synth 8-689] width (32) of port connection 'enable' does not match port width (1) of module 'tristate' [C:/Users/ad496/Downloads/350-final-project/Downloads/check_processor/check_processor/regfile.v:178]
WARNING: [Synth 8-689] width (32) of port connection 'enable' does not match port width (1) of module 'tristate' [C:/Users/ad496/Downloads/350-final-project/Downloads/check_processor/check_processor/regfile.v:179]
WARNING: [Synth 8-689] width (32) of port connection 'enable' does not match port width (1) of module 'tristate' [C:/Users/ad496/Downloads/350-final-project/Downloads/check_processor/check_processor/regfile.v:180]
INFO: [Synth 8-6155] done synthesizing module 'regfile' (34#1) [C:/Users/ad496/Downloads/350-final-project/Downloads/check_processor/check_processor/regfile.v:1]
WARNING: [Synth 8-689] width (1) of port connection 'ySpeed' does not match port width (32) of module 'regfile' [C:/Users/ad496/Downloads/350-final-project/Downloads/check_processor/check_processor/Wrapper.v:126]
WARNING: [Synth 8-689] width (1) of port connection 'yDirection' does not match port width (32) of module 'regfile' [C:/Users/ad496/Downloads/350-final-project/Downloads/check_processor/check_processor/Wrapper.v:126]
WARNING: [Synth 8-689] width (1) of port connection 'xSpeed' does not match port width (32) of module 'regfile' [C:/Users/ad496/Downloads/350-final-project/Downloads/check_processor/check_processor/Wrapper.v:126]
WARNING: [Synth 8-689] width (1) of port connection 'xDirection' does not match port width (32) of module 'regfile' [C:/Users/ad496/Downloads/350-final-project/Downloads/check_processor/check_processor/Wrapper.v:126]
INFO: [Synth 8-6157] synthesizing module 'RAM' [C:/Users/ad496/Downloads/350-final-project/Downloads/check_processor/check_processor/RAM.v:2]
INFO: [Synth 8-6155] done synthesizing module 'RAM' (35#1) [C:/Users/ad496/Downloads/350-final-project/Downloads/check_processor/check_processor/RAM.v:2]
INFO: [Synth 8-6155] done synthesizing module 'Wrapper' (36#1) [C:/Users/ad496/Downloads/350-final-project/Downloads/check_processor/check_processor/Wrapper.v:27]
---------------------------------------------------------------------------------
Finished RTL Elaboration : Time (s): cpu = 00:00:05 ; elapsed = 00:00:05 . Memory (MB): peak = 1330.039 ; gain = 0.000
---------------------------------------------------------------------------------
---------------------------------------------------------------------------------
Start Handling Custom Attributes
---------------------------------------------------------------------------------
---------------------------------------------------------------------------------
Finished Handling Custom Attributes : Time (s): cpu = 00:00:05 ; elapsed = 00:00:06 . Memory (MB): peak = 1330.039 ; gain = 0.000
---------------------------------------------------------------------------------
---------------------------------------------------------------------------------
Finished RTL Optimization Phase 1 : Time (s): cpu = 00:00:05 ; elapsed = 00:00:06 . Memory (MB): peak = 1330.039 ; gain = 0.000
---------------------------------------------------------------------------------
Netlist sorting complete. Time (s): cpu = 00:00:01 ; elapsed = 00:00:00.228 . Memory (MB): peak = 1330.039 ; gain = 0.000
INFO: [Project 1-570] Preparing netlist for logic optimization

Processing XDC Constraints
Initializing timing engine
Parsing XDC File [C:/Users/ad496/Downloads/350-final-project/Downloads/check_processor/master.xdc]
WARNING: [Vivado 12-584] No ports matched 'LED[0]'. [C:/Users/ad496/Downloads/350-final-project/Downloads/check_processor/master.xdc:31]
CRITICAL WARNING: [Common 17-55] 'set_property' expects at least one object. [C:/Users/ad496/Downloads/350-final-project/Downloads/check_processor/master.xdc:31]
Resolution: If [get_<value>] was used to populate the object, check to make sure this command returns at least one valid object.
WARNING: [Vivado 12-584] No ports matched 'LED[1]'. [C:/Users/ad496/Downloads/350-final-project/Downloads/check_processor/master.xdc:32]
CRITICAL WARNING: [Common 17-55] 'set_property' expects at least one object. [C:/Users/ad496/Downloads/350-final-project/Downloads/check_processor/master.xdc:32]
Resolution: If [get_<value>] was used to populate the object, check to make sure this command returns at least one valid object.
WARNING: [Vivado 12-584] No ports matched 'LED[2]'. [C:/Users/ad496/Downloads/350-final-project/Downloads/check_processor/master.xdc:33]
CRITICAL WARNING: [Common 17-55] 'set_property' expects at least one object. [C:/Users/ad496/Downloads/350-final-project/Downloads/check_processor/master.xdc:33]
Resolution: If [get_<value>] was used to populate the object, check to make sure this command returns at least one valid object.
WARNING: [Vivado 12-584] No ports matched 'LED[3]'. [C:/Users/ad496/Downloads/350-final-project/Downloads/check_processor/master.xdc:34]
CRITICAL WARNING: [Common 17-55] 'set_property' expects at least one object. [C:/Users/ad496/Downloads/350-final-project/Downloads/check_processor/master.xdc:34]
Resolution: If [get_<value>] was used to populate the object, check to make sure this command returns at least one valid object.
WARNING: [Vivado 12-584] No ports matched 'LED[4]'. [C:/Users/ad496/Downloads/350-final-project/Downloads/check_processor/master.xdc:35]
CRITICAL WARNING: [Common 17-55] 'set_property' expects at least one object. [C:/Users/ad496/Downloads/350-final-project/Downloads/check_processor/master.xdc:35]
Resolution: If [get_<value>] was used to populate the object, check to make sure this command returns at least one valid object.
WARNING: [Vivado 12-584] No ports matched 'LED[5]'. [C:/Users/ad496/Downloads/350-final-project/Downloads/check_processor/master.xdc:36]
CRITICAL WARNING: [Common 17-55] 'set_property' expects at least one object. [C:/Users/ad496/Downloads/350-final-project/Downloads/check_processor/master.xdc:36]
Resolution: If [get_<value>] was used to populate the object, check to make sure this command returns at least one valid object.
WARNING: [Vivado 12-584] No ports matched 'LED[6]'. [C:/Users/ad496/Downloads/350-final-project/Downloads/check_processor/master.xdc:37]
CRITICAL WARNING: [Common 17-55] 'set_property' expects at least one object. [C:/Users/ad496/Downloads/350-final-project/Downloads/check_processor/master.xdc:37]
Resolution: If [get_<value>] was used to populate the object, check to make sure this command returns at least one valid object.
WARNING: [Vivado 12-584] No ports matched 'LED[7]'. [C:/Users/ad496/Downloads/350-final-project/Downloads/check_processor/master.xdc:38]
CRITICAL WARNING: [Common 17-55] 'set_property' expects at least one object. [C:/Users/ad496/Downloads/350-final-project/Downloads/check_processor/master.xdc:38]
Resolution: If [get_<value>] was used to populate the object, check to make sure this command returns at least one valid object.
WARNING: [Vivado 12-584] No ports matched 'LED[8]'. [C:/Users/ad496/Downloads/350-final-project/Downloads/check_processor/master.xdc:39]
CRITICAL WARNING: [Common 17-55] 'set_property' expects at least one object. [C:/Users/ad496/Downloads/350-final-project/Downloads/check_processor/master.xdc:39]
Resolution: If [get_<value>] was used to populate the object, check to make sure this command returns at least one valid object.
WARNING: [Vivado 12-584] No ports matched 'LED[9]'. [C:/Users/ad496/Downloads/350-final-project/Downloads/check_processor/master.xdc:40]
CRITICAL WARNING: [Common 17-55] 'set_property' expects at least one object. [C:/Users/ad496/Downloads/350-final-project/Downloads/check_processor/master.xdc:40]
Resolution: If [get_<value>] was used to populate the object, check to make sure this command returns at least one valid object.
WARNING: [Vivado 12-584] No ports matched 'LED[10]'. [C:/Users/ad496/Downloads/350-final-project/Downloads/check_processor/master.xdc:41]
CRITICAL WARNING: [Common 17-55] 'set_property' expects at least one object. [C:/Users/ad496/Downloads/350-final-project/Downloads/check_processor/master.xdc:41]
Resolution: If [get_<value>] was used to populate the object, check to make sure this command returns at least one valid object.
WARNING: [Vivado 12-584] No ports matched 'LED[11]'. [C:/Users/ad496/Downloads/350-final-project/Downloads/check_processor/master.xdc:42]
CRITICAL WARNING: [Common 17-55] 'set_property' expects at least one object. [C:/Users/ad496/Downloads/350-final-project/Downloads/check_processor/master.xdc:42]
Resolution: If [get_<value>] was used to populate the object, check to make sure this command returns at least one valid object.
WARNING: [Vivado 12-584] No ports matched 'LED[12]'. [C:/Users/ad496/Downloads/350-final-project/Downloads/check_processor/master.xdc:43]
CRITICAL WARNING: [Common 17-55] 'set_property' expects at least one object. [C:/Users/ad496/Downloads/350-final-project/Downloads/check_processor/master.xdc:43]
Resolution: If [get_<value>] was used to populate the object, check to make sure this command returns at least one valid object.
WARNING: [Vivado 12-584] No ports matched 'LED[13]'. [C:/Users/ad496/Downloads/350-final-project/Downloads/check_processor/master.xdc:44]
CRITICAL WARNING: [Common 17-55] 'set_property' expects at least one object. [C:/Users/ad496/Downloads/350-final-project/Downloads/check_processor/master.xdc:44]
Resolution: If [get_<value>] was used to populate the object, check to make sure this command returns at least one valid object.
WARNING: [Vivado 12-584] No ports matched 'LED[14]'. [C:/Users/ad496/Downloads/350-final-project/Downloads/check_processor/master.xdc:45]
CRITICAL WARNING: [Common 17-55] 'set_property' expects at least one object. [C:/Users/ad496/Downloads/350-final-project/Downloads/check_processor/master.xdc:45]
Resolution: If [get_<value>] was used to populate the object, check to make sure this command returns at least one valid object.
WARNING: [Vivado 12-584] No ports matched 'LED[15]'. [C:/Users/ad496/Downloads/350-final-project/Downloads/check_processor/master.xdc:46]
CRITICAL WARNING: [Common 17-55] 'set_property' expects at least one object. [C:/Users/ad496/Downloads/350-final-project/Downloads/check_processor/master.xdc:46]
Resolution: If [get_<value>] was used to populate the object, check to make sure this command returns at least one valid object.
Finished Parsing XDC File [C:/Users/ad496/Downloads/350-final-project/Downloads/check_processor/master.xdc]
INFO: [Project 1-236] Implementation specific constraints were found while reading constraint file [C:/Users/ad496/Downloads/350-final-project/Downloads/check_processor/master.xdc]. These constraints will be ignored for synthesis but will be used in implementation. Impacted constraints are listed in the file [.Xil/Wrapper_propImpl.xdc].
Resolution: To avoid this warning, move constraints listed in [.Xil/Wrapper_propImpl.xdc] to another XDC file and exclude this new file from synthesis with the used_in_synthesis property (File Properties dialog in GUI) and re-run elaboration/synthesis.
Completed Processing XDC Constraints

Netlist sorting complete. Time (s): cpu = 00:00:00 ; elapsed = 00:00:00.005 . Memory (MB): peak = 1522.691 ; gain = 0.000
INFO: [Project 1-111] Unisim Transformation Summary:
No Unisim elements were transformed.

Constraint Validation Runtime : Time (s): cpu = 00:00:00 ; elapsed = 00:00:00.016 . Memory (MB): peak = 1522.691 ; gain = 0.000
---------------------------------------------------------------------------------
Finished Constraint Validation : Time (s): cpu = 00:00:13 ; elapsed = 00:00:13 . Memory (MB): peak = 1522.691 ; gain = 192.652
---------------------------------------------------------------------------------
---------------------------------------------------------------------------------
Start Loading Part and Timing Information
---------------------------------------------------------------------------------
Loading part: xc7a100tcsg324-1
---------------------------------------------------------------------------------
Finished Loading Part and Timing Information : Time (s): cpu = 00:00:13 ; elapsed = 00:00:13 . Memory (MB): peak = 1522.691 ; gain = 192.652
---------------------------------------------------------------------------------
---------------------------------------------------------------------------------
Start Applying 'set_property' XDC Constraints
---------------------------------------------------------------------------------
---------------------------------------------------------------------------------
Finished applying 'set_property' XDC Constraints : Time (s): cpu = 00:00:13 ; elapsed = 00:00:13 . Memory (MB): peak = 1522.691 ; gain = 192.652
---------------------------------------------------------------------------------
---------------------------------------------------------------------------------
Finished RTL Optimization Phase 2 : Time (s): cpu = 00:00:16 ; elapsed = 00:00:17 . Memory (MB): peak = 1522.691 ; gain = 192.652
---------------------------------------------------------------------------------
---------------------------------------------------------------------------------
Start RTL Component Statistics 
---------------------------------------------------------------------------------
Detailed RTL Component Info : 
+---Adders : 
	   2 Input   65 Bit       Adders := 2     
	   3 Input   64 Bit       Adders := 1     
	   2 Input   32 Bit       Adders := 1     
	   2 Input    6 Bit       Adders := 2     
+---XORs : 
	   3 Input      1 Bit         XORs := 160   
	   2 Input      1 Bit         XORs := 6     
+---Registers : 
	               65 Bit    Registers := 3     
	               64 Bit    Registers := 3     
	               32 Bit    Registers := 4     
	                6 Bit    Registers := 2     
	                1 Bit    Registers := 1579  
+---Multipliers : 
	              32x32  Multipliers := 1     
+---RAMs : 
	             128K Bit	(4096 X 32 bit)          RAMs := 1     
+---Muxes : 
	   2 Input   65 Bit        Muxes := 4     
	   3 Input   65 Bit        Muxes := 1     
	   2 Input   64 Bit        Muxes := 2     
	   2 Input   32 Bit        Muxes := 41    
	   4 Input   32 Bit        Muxes := 1     
	   3 Input    6 Bit        Muxes := 2     
	   2 Input    6 Bit        Muxes := 4     
	   3 Input    5 Bit        Muxes := 2     
	   2 Input    5 Bit        Muxes := 2     
	   2 Input    3 Bit        Muxes := 2     
	   4 Input    2 Bit        Muxes := 1     
	   3 Input    2 Bit        Muxes := 3     
	   2 Input    2 Bit        Muxes := 2     
	   2 Input    1 Bit        Muxes := 17    
---------------------------------------------------------------------------------
Finished RTL Component Statistics 
---------------------------------------------------------------------------------
---------------------------------------------------------------------------------
Start Part Resource Summary
---------------------------------------------------------------------------------
Part Resources:
DSPs: 240 (col length:80)
BRAMs: 270 (col length: RAMB18 80 RAMB36 40)
---------------------------------------------------------------------------------
Finished Part Resource Summary
---------------------------------------------------------------------------------
---------------------------------------------------------------------------------
Start Cross Boundary and Area Optimization
---------------------------------------------------------------------------------
DSP Report: Generating DSP mult/real_prod0, operation Mode is: A*B.
DSP Report: operator mult/real_prod0 is absorbed into DSP mult/real_prod0.
DSP Report: operator mult/real_prod0 is absorbed into DSP mult/real_prod0.
DSP Report: Generating DSP mult/real_prod_reg, operation Mode is: (PCIN>>17)+A*B.
DSP Report: register mult/real_prod_reg is absorbed into DSP mult/real_prod_reg.
DSP Report: operator mult/real_prod0 is absorbed into DSP mult/real_prod_reg.
DSP Report: operator mult/real_prod0 is absorbed into DSP mult/real_prod_reg.
DSP Report: Generating DSP mult/real_prod0, operation Mode is: A*B.
DSP Report: operator mult/real_prod0 is absorbed into DSP mult/real_prod0.
DSP Report: operator mult/real_prod0 is absorbed into DSP mult/real_prod0.
DSP Report: Generating DSP mult/real_prod_reg, operation Mode is: (PCIN>>17)+A*B.
DSP Report: register mult/real_prod_reg is absorbed into DSP mult/real_prod_reg.
DSP Report: operator mult/real_prod0 is absorbed into DSP mult/real_prod_reg.
DSP Report: operator mult/real_prod0 is absorbed into DSP mult/real_prod_reg.
CRITICAL WARNING: [Synth 8-6859] multi-driven net on pin Q with 1st driver pin 'i_0/RegisterFile/reg12/loop1[0].my_dff/q_reg/Q' [C:/Users/ad496/Downloads/350-final-project/Downloads/check_processor/check_processor/dffe_ref.v:25]
CRITICAL WARNING: [Synth 8-6859] multi-driven net on pin Q with 2nd driver pin 'GND' [C:/Users/ad496/Downloads/350-final-project/Downloads/check_processor/check_processor/dffe_ref.v:25]
CRITICAL WARNING: [Synth 8-6858] multi-driven net Q is connected to at least one constant driver which has been preserved, other driver is ignored [C:/Users/ad496/Downloads/350-final-project/Downloads/check_processor/check_processor/dffe_ref.v:25]
CRITICAL WARNING: [Synth 8-6859] multi-driven net on pin Q with 1st driver pin 'i_0/RegisterFile/reg13/loop1[0].my_dff/q_reg/Q' [C:/Users/ad496/Downloads/350-final-project/Downloads/check_processor/check_processor/dffe_ref.v:25]
CRITICAL WARNING: [Synth 8-6859] multi-driven net on pin Q with 2nd driver pin 'GND' [C:/Users/ad496/Downloads/350-final-project/Downloads/check_processor/check_processor/dffe_ref.v:25]
CRITICAL WARNING: [Synth 8-6858] multi-driven net Q is connected to at least one constant driver which has been preserved, other driver is ignored [C:/Users/ad496/Downloads/350-final-project/Downloads/check_processor/check_processor/dffe_ref.v:25]
---------------------------------------------------------------------------------
Finished Cross Boundary and Area Optimization : Time (s): cpu = 00:00:27 ; elapsed = 00:00:28 . Memory (MB): peak = 1522.691 ; gain = 192.652
---------------------------------------------------------------------------------
---------------------------------------------------------------------------------
Start ROM, RAM, DSP, Shift Register and Retiming Reporting
---------------------------------------------------------------------------------

DSP: Preliminary Mapping Report (see note below)
+------------+----------------+--------+--------+--------+--------+--------+------+------+------+------+-------+------+------+
|Module Name | DSP Mapping    | A Size | B Size | C Size | D Size | P Size | AREG | BREG | CREG | DREG | ADREG | MREG | PREG | 
+------------+----------------+--------+--------+--------+--------+--------+------+------+------+------+-------+------+------+
|multdiv     | A*B            | 18     | 15     | -      | -      | 48     | 0    | 0    | -    | -    | -     | 0    | 0    | 
|multdiv     | (PCIN>>17)+A*B | 15     | 15     | -      | -      | 48     | 0    | 0    | -    | -    | -     | 0    | 1    | 
|multdiv     | A*B            | 18     | 18     | -      | -      | 48     | 0    | 0    | -    | -    | -     | 0    | 0    | 
|multdiv     | (PCIN>>17)+A*B | 18     | 15     | -      | -      | 48     | 0    | 0    | -    | -    | -     | 0    | 1    | 
+------------+----------------+--------+--------+--------+--------+--------+------+------+------+------+-------+------+------+

Note: The table above is a preliminary report that shows the DSPs inferred at the current stage of the synthesis flow. Some DSP may be reimplemented as non DSP primitives later in the synthesis flow. Multiple instantiated DSPs are reported only once.
---------------------------------------------------------------------------------
Finished ROM, RAM, DSP, Shift Register and Retiming Reporting
---------------------------------------------------------------------------------
---------------------------------------------------------------------------------
Start Applying XDC Timing Constraints
---------------------------------------------------------------------------------
---------------------------------------------------------------------------------
Finished Applying XDC Timing Constraints : Time (s): cpu = 00:00:31 ; elapsed = 00:00:32 . Memory (MB): peak = 1522.691 ; gain = 192.652
---------------------------------------------------------------------------------
---------------------------------------------------------------------------------
Start Timing Optimization
---------------------------------------------------------------------------------
---------------------------------------------------------------------------------
Finished Timing Optimization : Time (s): cpu = 00:00:31 ; elapsed = 00:00:32 . Memory (MB): peak = 1522.691 ; gain = 192.652
---------------------------------------------------------------------------------
---------------------------------------------------------------------------------
Start Technology Mapping
---------------------------------------------------------------------------------
---------------------------------------------------------------------------------
Finished Technology Mapping : Time (s): cpu = 00:00:31 ; elapsed = 00:00:32 . Memory (MB): peak = 1522.691 ; gain = 192.652
---------------------------------------------------------------------------------
---------------------------------------------------------------------------------
Start IO Insertion
---------------------------------------------------------------------------------
---------------------------------------------------------------------------------
Start Flattening Before IO Insertion
---------------------------------------------------------------------------------
---------------------------------------------------------------------------------
Finished Flattening Before IO Insertion
---------------------------------------------------------------------------------
---------------------------------------------------------------------------------
Start Final Netlist Cleanup
---------------------------------------------------------------------------------
---------------------------------------------------------------------------------
Finished Final Netlist Cleanup
---------------------------------------------------------------------------------
---------------------------------------------------------------------------------
Finished IO Insertion : Time (s): cpu = 00:00:33 ; elapsed = 00:00:34 . Memory (MB): peak = 1522.691 ; gain = 192.652
---------------------------------------------------------------------------------
---------------------------------------------------------------------------------
Start Renaming Generated Instances
---------------------------------------------------------------------------------
---------------------------------------------------------------------------------
Finished Renaming Generated Instances : Time (s): cpu = 00:00:33 ; elapsed = 00:00:34 . Memory (MB): peak = 1522.691 ; gain = 192.652
---------------------------------------------------------------------------------
---------------------------------------------------------------------------------
Start Rebuilding User Hierarchy
---------------------------------------------------------------------------------
---------------------------------------------------------------------------------
Finished Rebuilding User Hierarchy : Time (s): cpu = 00:00:33 ; elapsed = 00:00:34 . Memory (MB): peak = 1522.691 ; gain = 192.652
---------------------------------------------------------------------------------
---------------------------------------------------------------------------------
Start Renaming Generated Ports
---------------------------------------------------------------------------------
---------------------------------------------------------------------------------
Finished Renaming Generated Ports : Time (s): cpu = 00:00:33 ; elapsed = 00:00:34 . Memory (MB): peak = 1522.691 ; gain = 192.652
---------------------------------------------------------------------------------
---------------------------------------------------------------------------------
Start Handling Custom Attributes
---------------------------------------------------------------------------------
---------------------------------------------------------------------------------
Finished Handling Custom Attributes : Time (s): cpu = 00:00:33 ; elapsed = 00:00:34 . Memory (MB): peak = 1522.691 ; gain = 192.652
---------------------------------------------------------------------------------
---------------------------------------------------------------------------------
Start Renaming Generated Nets
---------------------------------------------------------------------------------
---------------------------------------------------------------------------------
Finished Renaming Generated Nets : Time (s): cpu = 00:00:33 ; elapsed = 00:00:34 . Memory (MB): peak = 1522.691 ; gain = 192.652
---------------------------------------------------------------------------------
---------------------------------------------------------------------------------
Start Writing Synthesis Report
---------------------------------------------------------------------------------

Report BlackBoxes: 
+-+--------------+----------+
| |BlackBox name |Instances |
+-+--------------+----------+
+-+--------------+----------+

Report Cell Usage: 
+------+-----+------+
|      |Cell |Count |
+------+-----+------+
|1     |OBUF |     4|
+------+-----+------+
---------------------------------------------------------------------------------
Finished Writing Synthesis Report : Time (s): cpu = 00:00:33 ; elapsed = 00:00:34 . Memory (MB): peak = 1522.691 ; gain = 192.652
---------------------------------------------------------------------------------
Synthesis finished with 0 errors, 6 critical warnings and 0 warnings.
Synthesis Optimization Runtime : Time (s): cpu = 00:00:23 ; elapsed = 00:00:30 . Memory (MB): peak = 1522.691 ; gain = 0.000
Synthesis Optimization Complete : Time (s): cpu = 00:00:33 ; elapsed = 00:00:34 . Memory (MB): peak = 1522.691 ; gain = 192.652
INFO: [Project 1-571] Translating synthesized netlist
Netlist sorting complete. Time (s): cpu = 00:00:00 ; elapsed = 00:00:00 . Memory (MB): peak = 1522.691 ; gain = 0.000
INFO: [Project 1-570] Preparing netlist for logic optimization
INFO: [Opt 31-138] Pushed 0 inverter(s) to 0 load pin(s).
Netlist sorting complete. Time (s): cpu = 00:00:00 ; elapsed = 00:00:00 . Memory (MB): peak = 1522.691 ; gain = 0.000
INFO: [Project 1-111] Unisim Transformation Summary:
No Unisim elements were transformed.

Synth Design complete, checksum: 19053bcf
INFO: [Common 17-83] Releasing license: Synthesis
85 Infos, 136 Warnings, 23 Critical Warnings and 0 Errors encountered.
synth_design completed successfully
synth_design: Time (s): cpu = 00:00:36 ; elapsed = 00:00:38 . Memory (MB): peak = 1522.691 ; gain = 192.652
INFO: [runtcl-6] Synthesis results are not added to the cache due to CRITICAL_WARNING
INFO: [Common 17-1381] The checkpoint 'C:/Users/ad496/Downloads/350-final-project/Final_GK_AD/Final_GK_AD.runs/synth_1/Wrapper.dcp' has been generated.
INFO: [runtcl-4] Executing : report_utilization -file Wrapper_utilization_synth.rpt -pb Wrapper_utilization_synth.pb
INFO: [Common 17-206] Exiting Vivado at Sat Apr 20 12:49:59 2024...
